#
# A fatal error has been detected by the Java Runtime Environment:
#
#  SIGBUS (0xa) at pc=0x00007fffe6840ec9, pid=91909, tid=0x0000000000002b03
#
# JRE version: OpenJDK Runtime Environment (8.0_112-b05) (build 1.8.0_112-release-b05)
# Java VM: OpenJDK 64-Bit Server VM (25.112-b05 mixed mode bsd-amd64 compressed oops)
# Problematic frame:
# C  [libsystem_platform.dylib+0x5ec9]  _platform_memmove$VARIANT$Haswell+0x29
#
# Failed to write core dump. Core dumps have been disabled. To enable core dumping, try "ulimit -c unlimited" before starting Java again
#
# If you would like to submit a bug report, please visit:
#   http://bugreport.java.com/bugreport/crash.jsp
#

---------------  T H R E A D  ---------------

Current thread (0x00007fe95500a000):  GCTaskThread [stack: 0x00007000039bd000,0x0000700003abd000] [id=11011]

siginfo: si_signo: 10 (SIGBUS), si_code: 2 (BUS_ADRERR), si_addr: 0x00000007c0a40000

Registers:
RAX=0x00000007667fd160, RBX=0x0000000000000015, RCX=0x000000000b477cb0, RDX=0x000000000d4b7640
RSP=0x0000700003abcbc0, RBP=0x0000700003abcbc0, RSI=0x00000007c0a40000, RDI=0x000000076883caf0
R8 =0x000000010c686b76, R9 =0x00000007667fd160, R10=0x0000000773cb47a0, R11=0xffffffffa7dfcaf0
R12=0x00007fe955803101, R13=0x00000007667fd160, R14=0x00007fe955803140, R15=0x0000000001a96ec8
RIP=0x00007fffe6840ec9, EFLAGS=0x0000000000010202, ERR=0x0000000000000004
  TRAPNO=0x000000000000000e

Top of Stack: (sp=0x0000700003abcbc0)
0x0000700003abcbc0:   0000700003abcbd0 000000010bf980ec
0x0000700003abcbd0:   0000700003abcc40 000000010c298204
0x0000700003abcbe0:   0000700003abcc70 00000007bea00670
0x0000700003abcbf0:   00000007b5036290 0000000000001000
0x0000700003abcc00:   0000000000000001 0000700003abd000
0x0000700003abcc10:   000000000000001d 00000007b503929d
0x0000700003abcc20:   000000010c686b76 00000007b503929d
0x0000700003abcc30:   00000007b503929c 00007fe9558031d8
0x0000700003abcc40:   0000700003abcc60 000000010c298523
0x0000700003abcc50:   00007fe955803140 00007fe9558031a0
0x0000700003abcc60:   0000700003abccc0 000000010c297541
0x0000700003abcc70:   0000000764fcfde4 00000007c08a9048
0x0000700003abcc80:   00000007b503929d 00000007c08a9048
0x0000700003abcc90:   00007fe955803140 0000000764fcfe08
0x0000700003abcca0:   000000010ccdde7f 0000000764fcfe00
0x0000700003abccb0:   000000010ccdde81 0000000000000240
0x0000700003abccc0:   0000700003abcd80 000000010bf55dd8
0x0000700003abccd0:   0000000000000000 0000000000000200
0x0000700003abcce0:   fffffffef3316016 0000000000000000
0x0000700003abccf0:   000000010cce9fe8 00000001091b6000
0x0000700003abcd00:   000000010cce9fe9 0000000003b27e00
0x0000700003abcd10:   fffffffef332217f 0000000003b33fe9
0x0000700003abcd20:   000000010ccdde80 000000010ccdde01
0x0000700003abcd30:   00000007667fd160 0000000764fd0008
0x0000700003abcd40:   00007fe954c09b90 00007fe955803140
0x0000700003abcd50:   00007fe954f06560 00007fe954d0a740
0x0000700003abcd60:   0000000000000000 000000010c3db9bd
0x0000700003abcd70:   00007fe955803140 0000000000000001
0x0000700003abcd80:   0000700003abcdb0 000000010c29b00f
0x0000700003abcd90:   00007fe900000004 00007fe954d05780
0x0000700003abcda0:   00007fe95500a000 00007fe954d0a740
0x0000700003abcdb0:   0000700003abce90 000000010c06dc37 

Instructions: (pc=0x00007fffe6840ec9)
0x00007fffe6840ea9:   f3 48 89 f8 49 39 d3 72 1b 48 83 fa 60 76 2f 48
0x00007fffe6840eb9:   81 fa 00 40 00 00 0f 82 bb 00 00 00 48 89 d1 fc
0x00007fffe6840ec9:   f3 a4 5d c3 48 39 fe 74 f9 48 01 d6 48 01 d7 48
0x00007fffe6840ed9:   83 fa 60 0f 82 5c 01 00 00 e9 79 01 00 00 48 83 

Register to memory mapping:

RAX=0x00000007667fd160 is an oop
